<?xml version="1.0" encoding="UTF-8"?>
<testsuite xmlns:xsi="http://www.w3.org/2001/XMLSchema-instance" xsi:noNamespaceSchemaLocation="https://maven.apache.org/surefire/maven-surefire-plugin/xsd/surefire-test-report-3.0.xsd" version="3.0" name="com.jwt.example.JwtExampleApplicationTests" time="4.915" tests="1" errors="0" skipped="0" failures="0">
  <properties>
[...]
</properties>
  <testcase name="contextLoads" classname="com.jwt.example.JwtExampleApplicationTests" time="1.116">
    <system-out><![CDATA[11:24:00.719 [main] INFO org.springframework.test.context.support.AnnotationConfigContextLoaderUtils -- Could not detect default configuration classes for test class [com.jwt.example.JwtExampleApplicationTests]: JwtExampleApplicationTests does not declare any static, non-private, non-final, nested classes annotated with @Configuration.
11:24:00.943 [main] INFO org.springframework.boot.test.context.SpringBootTestContextBootstrapper -- Found @SpringBootConfiguration com.jwt.example.JwtExampleApplication for test class com.jwt.example.JwtExampleApplicationTests

  .   ____          _            __ _ _
 /\\ / ___'_ __ _ _(_)_ __  __ _ \ \ \ \
( ( )\___ | '_ | '_| | '_ \/ _` | \ \ \ \
 \\/  ___)| |_)| | | | | || (_| |  ) ) ) )
  '  |____| .__|_| |_|_| |_\__, | / / / /
 =========|_|==============|___/=/_/_/_/

 :: Spring Boot ::                (v3.3.4)

2024-09-24T11:24:01.640+05:30  INFO 29824 --- [JwtExample] [           main] c.j.example.JwtExampleApplicationTests   : Starting JwtExampleApplicationTests using Java 17.0.10 with PID 29824 (started by HP in C:\Users\HP\OneDrive\Desktop\practice\JwtExample)
2024-09-24T11:24:01.643+05:30  INFO 29824 --- [JwtExample] [           main] c.j.example.JwtExampleApplicationTests   : No active profile set, falling back to 1 default profile: "default"
2024-09-24T11:24:03.240+05:30  INFO 29824 --- [JwtExample] [           main] r$InitializeUserDetailsManagerConfigurer : Global AuthenticationManager configured with UserDetailsService bean with name userDetailsService
2024-09-24T11:24:04.160+05:30  INFO 29824 --- [JwtExample] [           main] c.j.example.JwtExampleApplicationTests   : Started JwtExampleApplicationTests in 2.992 seconds (process running for 4.54)
]]></system-out>
  </testcase>
</testsuite>